<?xml version="1.0" encoding="UTF-8"?>
<!-- Generated by org.testng.reporters.JUnitReportReporter -->
<testsuite skipped="0" hostname="GOYAL-PC" name="com.org.testcases.TestClassBrowser" tests="1" failures="0" timestamp="21 Mar 2021 10:06:25 GMT" time="14.028" errors="0">
  <testcase name="checkingAll" time="14.028" classname="com.org.testcases.TestClassBrowser"/>
</testsuite> <!-- com.org.testcases.TestClassBrowser -->
