<?xml version="1.0" encoding="UTF-8"?>
<!-- Generated by org.testng.reporters.JUnitReportReporter -->
<testsuite skipped="0" hostname="GOYAL-PC" name="com.org.testcases.LennoxLogin" tests="6" failures="0" timestamp="23 Mar 2021 07:25:16 GMT" time="319.401" errors="0">
  <testcase name="menuNavigate" time="4.410" classname="com.org.testcases.LennoxLogin"/>
  <testcase name="selectLead" time="36.739" classname="com.org.testcases.LennoxLogin"/>
  <testcase name="addLead" time="34.203" classname="com.org.testcases.LennoxLogin"/>
  <testcase name="dataFillLead" time="112.395" classname="com.org.testcases.LennoxLogin"/>
  <testcase name="dataFillLead" time="69.585" classname="com.org.testcases.LennoxLogin"/>
  <testcase name="dataFillLead" time="62.069" classname="com.org.testcases.LennoxLogin"/>
</testsuite> <!-- com.org.testcases.LennoxLogin -->
