<?xml version="1.0" encoding="UTF-8"?>
<!-- Generated by org.testng.reporters.JUnitReportReporter -->
<testsuite skipped="0" hostname="GOYAL-PC" name="com.org.testcases.LennoxLogin" tests="6" failures="0" timestamp="21 Mar 2021 14:57:55 GMT" time="187.099" errors="0">
  <testcase name="menuNavigate" time="2.812" classname="com.org.testcases.LennoxLogin"/>
  <testcase name="selectLead" time="15.782" classname="com.org.testcases.LennoxLogin"/>
  <testcase name="addLead" time="11.906" classname="com.org.testcases.LennoxLogin"/>
  <testcase name="dataFillLead" time="39.931" classname="com.org.testcases.LennoxLogin"/>
  <testcase name="dataFillLead" time="43.473" classname="com.org.testcases.LennoxLogin"/>
  <testcase name="dataFillLead" time="73.195" classname="com.org.testcases.LennoxLogin"/>
</testsuite> <!-- com.org.testcases.LennoxLogin -->
