<?xml version="1.0" encoding="UTF-8"?>
<!-- Generated by org.testng.reporters.JUnitReportReporter -->
<testsuite skipped="0" hostname="GOYAL-PC" name="com.org.testcases.LennoxLogin" tests="6" failures="0" timestamp="21 Mar 2021 17:35:46 GMT" time="174.011" errors="0">
  <testcase name="menuNavigate" time="1.542" classname="com.org.testcases.LennoxLogin"/>
  <testcase name="selectLead" time="29.228" classname="com.org.testcases.LennoxLogin"/>
  <testcase name="addLead" time="29.671" classname="com.org.testcases.LennoxLogin"/>
  <testcase name="dataFillLead" time="48.016" classname="com.org.testcases.LennoxLogin"/>
  <testcase name="dataFillLead" time="31.302" classname="com.org.testcases.LennoxLogin"/>
  <testcase name="dataFillLead" time="34.252" classname="com.org.testcases.LennoxLogin"/>
</testsuite> <!-- com.org.testcases.LennoxLogin -->
